# JRE version: OpenJDK Runtime Environment (8.0_171-b11) (build 1.8.0_171-8u171-b11-0ubuntu0.16.04.1-b11)
# Java VM: OpenJDK 64-Bit Server VM (25.171-b11 mixed mode linux-amd64 compressed oops)
Heap:
 PSYoungGen      total 343552K, used 150135K [0x00000000e7000000, 0x0000000100000000, 0x0000000100000000)
  eden space 289792K, 35% used [0x00000000e7000000,0x00000000ed3ce138,0x00000000f8b00000)
  from space 53760K, 89% used [0x00000000fcb80000,0x00000000ffa4fb70,0x0000000100000000)
  to   space 59904K, 0% used [0x00000000f8b00000,0x00000000f8b00000,0x00000000fc580000)
 ParOldGen       total 189440K, used 153982K [0x00000000b5000000, 0x00000000c0900000, 0x00000000e7000000)
  object space 189440K, 81% used [0x00000000b5000000,0x00000000be65fba0,0x00000000c0900000)
 Metaspace       used 111832K, capacity 126474K, committed 126808K, reserved 1159168K
  class space    used 13158K, capacity 17138K, committed 17240K, reserved 1048576K
GC Heap History (10 events):
Event: 33.716 GC heap before
{Heap before GC invocations=29 (full 5):
 PSYoungGen      total 263168K, used 211744K [0x00000000e7000000, 0x00000000fdb00000, 0x0000000100000000)
  eden space 207360K, 100% used [0x00000000e7000000,0x00000000f3a80000,0x00000000f3a80000)
  from space 55808K, 7% used [0x00000000f3a80000,0x00000000f3ec8000,0x00000000f7100000)
  to   space 56832K, 0% used [0x00000000fa380000,0x00000000fa380000,0x00000000fdb00000)
 ParOldGen       total 189440K, used 136085K [0x00000000b5000000, 0x00000000c0900000, 0x00000000e7000000)
  object space 189440K, 71% used [0x00000000b5000000,0x00000000bd4e54d0,0x00000000c0900000)
 Metaspace       used 86287K, capacity 97548K, committed 97752K, reserved 1134592K
  class space    used 10199K, capacity 13428K, committed 13528K, reserved 1048576K
Event: 33.735 GC heap after
Heap after GC invocations=29 (full 5):
 PSYoungGen      total 300544K, used 23326K [0x00000000e7000000, 0x00000000fd100000, 0x0000000100000000)
  eden space 253952K, 0% used [0x00000000e7000000,0x00000000e7000000,0x00000000f6800000)
  from space 46592K, 50% used [0x00000000fa380000,0x00000000fba47b60,0x00000000fd100000)
  to   space 53760K, 0% used [0x00000000f6800000,0x00000000f6800000,0x00000000f9c80000)
 ParOldGen       total 189440K, used 140341K [0x00000000b5000000, 0x00000000c0900000, 0x00000000e7000000)
  object space 189440K, 74% used [0x00000000b5000000,0x00000000bd90d4d0,0x00000000c0900000)
 Metaspace       used 86287K, capacity 97548K, committed 97752K, reserved 1134592K
  class space    used 10199K, capacity 13428K, committed 13528K, reserved 1048576K
}
Event: 38.656 GC heap before
{Heap before GC invocations=30 (full 5):
 PSYoungGen      total 300544K, used 277278K [0x00000000e7000000, 0x00000000fd100000, 0x0000000100000000)
  eden space 253952K, 100% used [0x00000000e7000000,0x00000000f6800000,0x00000000f6800000)
  from space 46592K, 50% used [0x00000000fa380000,0x00000000fba47b60,0x00000000fd100000)
  to   space 53760K, 0% used [0x00000000f6800000,0x00000000f6800000,0x00000000f9c80000)
 ParOldGen       total 189440K, used 140341K [0x00000000b5000000, 0x00000000c0900000, 0x00000000e7000000)
  object space 189440K, 74% used [0x00000000b5000000,0x00000000bd90d4d0,0x00000000c0900000)
 Metaspace       used 88545K, capacity 100574K, committed 100696K, reserved 1136640K
  class space    used 10439K, capacity 13807K, committed 13912K, reserved 1048576K
Event: 38.686 GC heap after
Heap after GC invocations=30 (full 5):
 PSYoungGen      total 307712K, used 14704K [0x00000000e7000000, 0x00000000ff300000, 0x0000000100000000)
  eden space 253952K, 0% used [0x00000000e7000000,0x00000000e7000000,0x00000000f6800000)
  from space 53760K, 27% used [0x00000000f6800000,0x00000000f765c048,0x00000000f9c80000)
  to   space 52224K, 0% used [0x00000000fc000000,0x00000000fc000000,0x00000000ff300000)
 ParOldGen       total 189440K, used 145118K [0x00000000b5000000, 0x00000000c0900000, 0x00000000e7000000)
  object space 189440K, 76% used [0x00000000b5000000,0x00000000bddb7998,0x00000000c0900000)
 Metaspace       used 88545K, capacity 100574K, committed 100696K, reserved 1136640K
  class space    used 10439K, capacity 13807K, committed 13912K, reserved 1048576K
}
Event: 46.353 GC heap before
{Heap before GC invocations=31 (full 5):
 PSYoungGen      total 307712K, used 268656K [0x00000000e7000000, 0x00000000ff300000, 0x0000000100000000)
  eden space 253952K, 100% used [0x00000000e7000000,0x00000000f6800000,0x00000000f6800000)
  from space 53760K, 27% used [0x00000000f6800000,0x00000000f765c048,0x00000000f9c80000)
  to   space 52224K, 0% used [0x00000000fc000000,0x00000000fc000000,0x00000000ff300000)
 ParOldGen       total 189440K, used 145118K [0x00000000b5000000, 0x00000000c0900000, 0x00000000e7000000)
  object space 189440K, 76% used [0x00000000b5000000,0x00000000bddb7998,0x00000000c0900000)
 Metaspace       used 91353K, capacity 104084K, committed 104408K, reserved 1138688K
  class space    used 10724K, capacity 14215K, committed 14296K, reserved 1048576K
Event: 46.368 GC heap after
Heap after GC invocations=31 (full 5):
 PSYoungGen      total 334848K, used 3267K [0x00000000e7000000, 0x00000000fef00000, 0x0000000100000000)
  eden space 286720K, 0% used [0x00000000e7000000,0x00000000e7000000,0x00000000f8800000)
  from space 48128K, 6% used [0x00000000fc000000,0x00000000fc330fd8,0x00000000fef00000)
  to   space 52736K, 0% used [0x00000000f8800000,0x00000000f8800000,0x00000000fbb80000)
 ParOldGen       total 189440K, used 153966K [0x00000000b5000000, 0x00000000c0900000, 0x00000000e7000000)
  object space 189440K, 81% used [0x00000000b5000000,0x00000000be65bba0,0x00000000c0900000)
 Metaspace       used 91353K, capacity 104084K, committed 104408K, reserved 1138688K
  class space    used 10724K, capacity 14215K, committed 14296K, reserved 1048576K
}
Event: 183.918 GC heap before
{Heap before GC invocations=32 (full 5):
 PSYoungGen      total 334848K, used 289987K [0x00000000e7000000, 0x00000000fef00000, 0x0000000100000000)
  eden space 286720K, 100% used [0x00000000e7000000,0x00000000f8800000,0x00000000f8800000)
  from space 48128K, 6% used [0x00000000fc000000,0x00000000fc330fd8,0x00000000fef00000)
  to   space 52736K, 0% used [0x00000000f8800000,0x00000000f8800000,0x00000000fbb80000)
 ParOldGen       total 189440K, used 153966K [0x00000000b5000000, 0x00000000c0900000, 0x00000000e7000000)
  object space 189440K, 81% used [0x00000000b5000000,0x00000000be65bba0,0x00000000c0900000)
 Metaspace       used 97689K, capacity 111510K, committed 111832K, reserved 1146880K
  class space    used 11459K, capacity 15225K, committed 15320K, reserved 1048576K
Event: 183.952 GC heap after
Heap after GC invocations=32 (full 5):
 PSYoungGen      total 339456K, used 31694K [0x00000000e7000000, 0x0000000100000000, 0x0000000100000000)
  eden space 286720K, 0% used [0x00000000e7000000,0x00000000e7000000,0x00000000f8800000)
  from space 52736K, 60% used [0x00000000f8800000,0x00000000fa6f3b88,0x00000000fbb80000)
  to   space 53760K, 0% used [0x00000000fcb80000,0x00000000fcb80000,0x0000000100000000)
 ParOldGen       total 189440K, used 153974K [0x00000000b5000000, 0x00000000c0900000, 0x00000000e7000000)
  object space 189440K, 81% used [0x00000000b5000000,0x00000000be65dba0,0x00000000c0900000)
 Metaspace       used 97689K, capacity 111510K, committed 111832K, reserved 1146880K
  class space    used 11459K, capacity 15225K, committed 15320K, reserved 1048576K
}
Event: 393.529 GC heap before
{Heap before GC invocations=33 (full 5):
 PSYoungGen      total 339456K, used 318414K [0x00000000e7000000, 0x0000000100000000, 0x0000000100000000)
  eden space 286720K, 100% used [0x00000000e7000000,0x00000000f8800000,0x00000000f8800000)
  from space 52736K, 60% used [0x00000000f8800000,0x00000000fa6f3b88,0x00000000fbb80000)
  to   space 53760K, 0% used [0x00000000fcb80000,0x00000000fcb80000,0x0000000100000000)
 ParOldGen       total 189440K, used 153974K [0x00000000b5000000, 0x00000000c0900000, 0x00000000e7000000)
  object space 189440K, 81% used [0x00000000b5000000,0x00000000be65dba0,0x00000000c0900000)
 Metaspace       used 111009K, capacity 125430K, committed 125656K, reserved 1157120K
  class space    used 13073K, capacity 17062K, committed 17112K, reserved 1048576K
Event: 393.566 GC heap after
Heap after GC invocations=33 (full 5):
 PSYoungGen      total 343552K, used 47934K [0x00000000e7000000, 0x0000000100000000, 0x0000000100000000)
  eden space 289792K, 0% used [0x00000000e7000000,0x00000000e7000000,0x00000000f8b00000)
  from space 53760K, 89% used [0x00000000fcb80000,0x00000000ffa4fb70,0x0000000100000000)
  to   space 59904K, 0% used [0x00000000f8b00000,0x00000000f8b00000,0x00000000fc580000)
 ParOldGen       total 189440K, used 153982K [0x00000000b5000000, 0x00000000c0900000, 0x00000000e7000000)
  object space 189440K, 81% used [0x00000000b5000000,0x00000000be65fba0,0x00000000c0900000)
 Metaspace       used 111009K, capacity 125430K, committed 125656K, reserved 1157120K
  class space    used 13073K, capacity 17062K, committed 17112K, reserved 1048576K
}

